[debug] [2022-08-06T09:56:34.529Z] ----------------------------------------------------------------------
[debug] [2022-08-06T09:56:34.531Z] Command:       C:\Program Files\nodejs\node.exe C:\Users\Manikandan.M\AppData\Roaming\npm\node_modules\firebase-tools\lib\bin\firebase.js init
[debug] [2022-08-06T09:56:34.531Z] CLI Version:   11.4.2
[debug] [2022-08-06T09:56:34.532Z] Platform:      win32
[debug] [2022-08-06T09:56:34.532Z] Node Version:  v18.3.0
[debug] [2022-08-06T09:56:34.533Z] Time:          Sat Aug 06 2022 15:26:34 GMT+0530 (India Standard Time)
[debug] [2022-08-06T09:56:34.533Z] ----------------------------------------------------------------------
[debug] 
[debug] [2022-08-06T09:56:34.537Z] >>> [apiv2][query] GET https://firebase-public.firebaseio.com/cli.json [none]
[debug] [2022-08-06T09:56:34.588Z] > command requires scopes: ["email","openid","https://www.googleapis.com/auth/cloudplatformprojects.readonly","https://www.googleapis.com/auth/firebase","https://www.googleapis.com/auth/cloud-platform"]
[debug] [2022-08-06T09:56:34.589Z] > authorizing via signed-in user (mahendrasinghmani222@gmail.com)
[info] 
     ######## #### ########  ######## ########     ###     ######  ########
     ##        ##  ##     ## ##       ##     ##  ##   ##  ##       ##
     ######    ##  ########  ######   ########  #########  ######  ######
     ##        ##  ##    ##  ##       ##     ## ##     ##       ## ##
     ##       #### ##     ## ######## ########  ##     ##  ######  ########

You're about to initialize a Firebase project in this directory:

  E:\Project\resume

[debug] [2022-08-06T09:56:35.366Z] <<< [apiv2][status] GET https://firebase-public.firebaseio.com/cli.json 200
[debug] [2022-08-06T09:56:35.367Z] <<< [apiv2][body] GET https://firebase-public.firebaseio.com/cli.json {"cloudBuildErrorAfter":1594252800000,"cloudBuildWarnAfter":1590019200000,"defaultNode10After":1594252800000,"minVersion":"3.0.5","node8DeploysDisabledAfter":1613390400000,"node8RuntimeDisabledAfter":1615809600000,"node8WarnAfter":1600128000000}
